0 info it worked if it ends with ok
1 verbose cli [ '/usr/local/bin/node', '/usr/local/bin/npm', 'install' ]
2 info using npm@3.10.8
3 info using node@v6.9.1
4 silly loadCurrentTree Starting
5 silly install loadCurrentTree
6 silly install readLocalPackageData
7 silly install normalizeTree
8 silly loadCurrentTree Finishing
9 silly loadIdealTree Starting
10 silly install loadIdealTree
11 silly cloneCurrentTree Starting
12 silly install cloneCurrentTreeToIdealTree
13 silly cloneCurrentTree Finishing
14 silly loadShrinkwrap Starting
15 silly install loadShrinkwrap
16 silly loadShrinkwrap Finishing
17 silly loadAllDepsIntoIdealTree Starting
18 silly install loadAllDepsIntoIdealTree
19 silly loadAllDepsIntoIdealTree Finishing
20 silly loadIdealTree Finishing
21 silly currentTree rehjeks@0.0.1
21 silly currentTree ├── accepts@1.3.3
21 silly currentTree ├── angular-route@1.5.9
21 silly currentTree ├── angular@1.5.9
21 silly currentTree ├── array-flatten@1.1.1
21 silly currentTree ├── async@2.1.2
21 silly currentTree ├── base64-url@1.3.3
21 silly currentTree ├── bluebird@2.10.2
21 silly currentTree ├── body-parser@1.15.2
21 silly currentTree ├── bootstrap@3.3.7
21 silly currentTree ├── bower@1.8.0
21 silly currentTree ├── bson@0.5.7
21 silly currentTree ├── buffer-shims@1.0.0
21 silly currentTree ├── bytes@2.4.0
21 silly currentTree ├── content-disposition@0.5.1
21 silly currentTree ├── content-type@1.0.2
21 silly currentTree ├── cookie-parser@1.4.3
21 silly currentTree ├── cookie-signature@1.0.6
21 silly currentTree ├── cookie@0.3.1
21 silly currentTree ├── core-util-is@1.0.2
21 silly currentTree ├── crc@3.4.1
21 silly currentTree ├── debug@2.2.0
21 silly currentTree ├── depd@1.1.0
21 silly currentTree ├── destroy@1.0.4
21 silly currentTree ├── ee-first@1.1.1
21 silly currentTree ├── encodeurl@1.0.1
21 silly currentTree ├── es6-promise@3.2.1
21 silly currentTree ├── escape-html@1.0.3
21 silly currentTree ├── etag@1.7.0
21 silly currentTree ├── express-session@1.14.2
21 silly currentTree ├── express@4.14.0
21 silly currentTree ├── finalhandler@0.5.0
21 silly currentTree ├── forwarded@0.1.0
21 silly currentTree ├── fresh@0.3.0
21 silly currentTree ├── generaterr@1.5.0
21 silly currentTree ├── hooks-fixed@1.2.0
21 silly currentTree ├── hooks@0.3.2
21 silly currentTree ├── http-errors@1.5.1
21 silly currentTree ├── iconv-lite@0.4.13
21 silly currentTree ├── inherits@2.0.3
21 silly currentTree ├── ipaddr.js@1.1.1
21 silly currentTree ├── isarray@1.0.0
21 silly currentTree ├── kareem@1.1.3
21 silly currentTree ├── kerberos@0.0.4
21 silly currentTree ├── lodash@4.17.2
21 silly currentTree ├── media-typer@0.3.0
21 silly currentTree ├── merge-descriptors@1.0.1
21 silly currentTree ├── methods@1.1.2
21 silly currentTree ├── mime-db@1.25.0
21 silly currentTree ├── mime-types@2.1.13
21 silly currentTree ├── mime@1.3.4
21 silly currentTree ├── mongodb-core@2.0.14
21 silly currentTree ├── mongodb@2.2.12
21 silly currentTree ├─┬ mongoose@4.7.1
21 silly currentTree │ ├── mongodb-core@2.0.13
21 silly currentTree │ └── mongodb@2.2.11
21 silly currentTree ├── mpath@0.2.1
21 silly currentTree ├── mpromise@0.5.5
21 silly currentTree ├─┬ mquery@2.0.0
21 silly currentTree │ └── sliced@0.0.5
21 silly currentTree ├── ms@0.7.1
21 silly currentTree ├── muri@1.1.1
21 silly currentTree ├── nan@1.8.4
21 silly currentTree ├── negotiator@0.6.1
21 silly currentTree ├── oauth@0.9.14
21 silly currentTree ├── on-finished@2.3.0
21 silly currentTree ├── on-headers@1.0.1
21 silly currentTree ├── parseurl@1.3.1
21 silly currentTree ├── passport-facebook@2.1.1
21 silly currentTree ├── passport-local-mongoose@4.0.0
21 silly currentTree ├── passport-local@1.0.0
21 silly currentTree ├─┬ passport-mongoose@0.0.1
21 silly currentTree │ ├── async@0.9.0
21 silly currentTree │ ├── bson@0.2.22
21 silly currentTree │ ├── debug@0.7.4
21 silly currentTree │ ├── kareem@0.0.4
21 silly currentTree │ ├── mongodb@1.4.12
21 silly currentTree │ ├── mongoose@3.9.7
21 silly currentTree │ ├── mpath@0.1.1
21 silly currentTree │ ├── mpromise@0.5.4
21 silly currentTree │ ├── mquery@1.0.0
21 silly currentTree │ ├── ms@0.1.0
21 silly currentTree │ ├── muri@0.3.1
21 silly currentTree │ ├── passport@0.1.18
21 silly currentTree │ ├── readable-stream@2.2.2
21 silly currentTree │ └── sliced@0.0.5
21 silly currentTree ├── passport-oauth2@1.3.0
21 silly currentTree ├── passport-strategy@1.0.0
21 silly currentTree ├── passport@0.3.2
21 silly currentTree ├── path-to-regexp@0.1.7
21 silly currentTree ├── pause@0.0.1
21 silly currentTree ├── pkginfo@0.2.3
21 silly currentTree ├── process-nextick-args@1.0.7
21 silly currentTree ├── proxy-addr@1.1.2
21 silly currentTree ├── qs@6.2.0
21 silly currentTree ├── random-bytes@1.0.0
21 silly currentTree ├── range-parser@1.2.0
21 silly currentTree ├── raw-body@2.1.7
21 silly currentTree ├── readable-stream@2.1.5
21 silly currentTree ├── regexp-clone@0.0.1
21 silly currentTree ├── require_optional@1.0.0
21 silly currentTree ├── resolve-from@2.0.0
21 silly currentTree ├── scmp@1.0.2
21 silly currentTree ├── semver@5.3.0
21 silly currentTree ├── send@0.14.1
21 silly currentTree ├── serve-static@1.11.1
21 silly currentTree ├── setprototypeof@1.0.2
21 silly currentTree ├── shortid@2.2.6
21 silly currentTree ├── sliced@1.0.1
21 silly currentTree ├── statuses@1.3.1
21 silly currentTree ├── string_decoder@0.10.31
21 silly currentTree ├── type-is@1.6.14
21 silly currentTree ├── uid-safe@2.1.3
21 silly currentTree ├── uid2@0.0.3
21 silly currentTree ├── unpipe@1.0.0
21 silly currentTree ├── util-deprecate@1.0.2
21 silly currentTree ├── utils-merge@1.0.0
21 silly currentTree └── vary@1.1.0
22 silly idealTree rehjeks@0.0.1
22 silly idealTree ├── accepts@1.3.3
22 silly idealTree ├── angular-route@1.5.9
22 silly idealTree ├── angular@1.5.9
22 silly idealTree ├── array-flatten@1.1.1
22 silly idealTree ├── async@2.1.2
22 silly idealTree ├── base64-url@1.3.3
22 silly idealTree ├── bluebird@2.10.2
22 silly idealTree ├── body-parser@1.15.2
22 silly idealTree ├── bootstrap@3.3.7
22 silly idealTree ├── bower@1.8.0
22 silly idealTree ├── bson@0.5.7
22 silly idealTree ├── buffer-shims@1.0.0
22 silly idealTree ├── bytes@2.4.0
22 silly idealTree ├── content-disposition@0.5.1
22 silly idealTree ├── content-type@1.0.2
22 silly idealTree ├── cookie-parser@1.4.3
22 silly idealTree ├── cookie-signature@1.0.6
22 silly idealTree ├── cookie@0.3.1
22 silly idealTree ├── core-util-is@1.0.2
22 silly idealTree ├── crc@3.4.1
22 silly idealTree ├── debug@2.2.0
22 silly idealTree ├── depd@1.1.0
22 silly idealTree ├── destroy@1.0.4
22 silly idealTree ├── ee-first@1.1.1
22 silly idealTree ├── encodeurl@1.0.1
22 silly idealTree ├── es6-promise@3.2.1
22 silly idealTree ├── escape-html@1.0.3
22 silly idealTree ├── etag@1.7.0
22 silly idealTree ├── express-session@1.14.2
22 silly idealTree ├── express@4.14.0
22 silly idealTree ├── finalhandler@0.5.0
22 silly idealTree ├── forwarded@0.1.0
22 silly idealTree ├── fresh@0.3.0
22 silly idealTree ├── generaterr@1.5.0
22 silly idealTree ├── hooks-fixed@1.2.0
22 silly idealTree ├── hooks@0.3.2
22 silly idealTree ├── http-errors@1.5.1
22 silly idealTree ├── iconv-lite@0.4.13
22 silly idealTree ├── inherits@2.0.3
22 silly idealTree ├── ipaddr.js@1.1.1
22 silly idealTree ├── isarray@1.0.0
22 silly idealTree ├── kareem@1.1.3
22 silly idealTree ├── kerberos@0.0.4
22 silly idealTree ├── lodash@4.17.2
22 silly idealTree ├── media-typer@0.3.0
22 silly idealTree ├── merge-descriptors@1.0.1
22 silly idealTree ├── methods@1.1.2
22 silly idealTree ├── mime-db@1.25.0
22 silly idealTree ├── mime-types@2.1.13
22 silly idealTree ├── mime@1.3.4
22 silly idealTree ├── mongodb-core@2.0.14
22 silly idealTree ├── mongodb@2.2.12
22 silly idealTree ├─┬ mongoose@4.7.1
22 silly idealTree │ ├── mongodb-core@2.0.13
22 silly idealTree │ └── mongodb@2.2.11
22 silly idealTree ├── mpath@0.2.1
22 silly idealTree ├── mpromise@0.5.5
22 silly idealTree ├─┬ mquery@2.0.0
22 silly idealTree │ └── sliced@0.0.5
22 silly idealTree ├── ms@0.7.1
22 silly idealTree ├── muri@1.1.1
22 silly idealTree ├── nan@1.8.4
22 silly idealTree ├── negotiator@0.6.1
22 silly idealTree ├── oauth@0.9.14
22 silly idealTree ├── on-finished@2.3.0
22 silly idealTree ├── on-headers@1.0.1
22 silly idealTree ├── parseurl@1.3.1
22 silly idealTree ├── passport-facebook@2.1.1
22 silly idealTree ├── passport-local-mongoose@4.0.0
22 silly idealTree ├── passport-local@1.0.0
22 silly idealTree ├─┬ passport-mongoose@0.0.1
22 silly idealTree │ ├── async@0.9.0
22 silly idealTree │ ├── bson@0.2.22
22 silly idealTree │ ├── debug@0.7.4
22 silly idealTree │ ├── kareem@0.0.4
22 silly idealTree │ ├── mongodb@1.4.12
22 silly idealTree │ ├── mongoose@3.9.7
22 silly idealTree │ ├── mpath@0.1.1
22 silly idealTree │ ├── mpromise@0.5.4
22 silly idealTree │ ├── mquery@1.0.0
22 silly idealTree │ ├── ms@0.1.0
22 silly idealTree │ ├── muri@0.3.1
22 silly idealTree │ ├── passport@0.1.18
22 silly idealTree │ ├── readable-stream@2.2.2
22 silly idealTree │ └── sliced@0.0.5
22 silly idealTree ├── passport-oauth2@1.3.0
22 silly idealTree ├── passport-strategy@1.0.0
22 silly idealTree ├── passport@0.3.2
22 silly idealTree ├── path-to-regexp@0.1.7
22 silly idealTree ├── pause@0.0.1
22 silly idealTree ├── pkginfo@0.2.3
22 silly idealTree ├── process-nextick-args@1.0.7
22 silly idealTree ├── proxy-addr@1.1.2
22 silly idealTree ├── qs@6.2.0
22 silly idealTree ├── random-bytes@1.0.0
22 silly idealTree ├── range-parser@1.2.0
22 silly idealTree ├── raw-body@2.1.7
22 silly idealTree ├── readable-stream@2.1.5
22 silly idealTree ├── regexp-clone@0.0.1
22 silly idealTree ├── require_optional@1.0.0
22 silly idealTree ├── resolve-from@2.0.0
22 silly idealTree ├── scmp@1.0.2
22 silly idealTree ├── semver@5.3.0
22 silly idealTree ├── send@0.14.1
22 silly idealTree ├── serve-static@1.11.1
22 silly idealTree ├── setprototypeof@1.0.2
22 silly idealTree ├── shortid@2.2.6
22 silly idealTree ├── sliced@1.0.1
22 silly idealTree ├── statuses@1.3.1
22 silly idealTree ├── string_decoder@0.10.31
22 silly idealTree ├── type-is@1.6.14
22 silly idealTree ├── uid-safe@2.1.3
22 silly idealTree ├── uid2@0.0.3
22 silly idealTree ├── unpipe@1.0.0
22 silly idealTree ├── util-deprecate@1.0.2
22 silly idealTree ├── utils-merge@1.0.0
22 silly idealTree └── vary@1.1.0
23 silly generateActionsToTake Starting
24 silly install generateActionsToTake
25 silly generateActionsToTake Finishing
26 silly diffTrees action count 0
27 silly decomposeActions action count 0
28 silly runTopLevelLifecycles Starting
29 silly install runPreinstallTopLevelLifecycles
30 silly preinstall rehjeks@0.0.1 /Users/tenzinsonam/projects/makersquare/greenfield/RehJeks/rehjeks-77b6043c
31 info lifecycle rehjeks@0.0.1~preinstall: rehjeks@0.0.1
32 silly lifecycle rehjeks@0.0.1~preinstall: no script for preinstall, continuing
33 silly executeActions Starting
34 silly install executeActions
35 silly doSerial global-install 0
36 silly doParallel fetch 0
37 verbose correctMkdir /Users/tenzinsonam/.npm/_locks correctMkdir not in flight; initializing
38 verbose lock using /Users/tenzinsonam/.npm/_locks/staging-6e3e1a4bd544421e.lock for /Users/tenzinsonam/projects/makersquare/greenfield/RehJeks/node_modules/.staging
39 silly doParallel extract 0
40 silly doParallel preinstall 0
41 silly doReverseSerial remove 0
42 silly doSerial move 0
43 silly doSerial finalize 0
44 silly doSerial build 0
45 silly doSerial global-link 0
46 silly doParallel update-linked 0
47 silly doSerial install 0
48 silly doSerial postinstall 0
49 verbose unlock done using /Users/tenzinsonam/.npm/_locks/staging-6e3e1a4bd544421e.lock for /Users/tenzinsonam/projects/makersquare/greenfield/RehJeks/node_modules/.staging
50 silly executeActions Finishing
51 silly rollbackFailedOptional Starting
52 silly rollbackFailedOptional Finishing
53 silly install runPostinstallTopLevelLifecycles
54 silly build rehjeks@0.0.1
55 info linkStuff rehjeks@0.0.1
56 silly linkStuff rehjeks@0.0.1 has /Users/tenzinsonam/projects/makersquare/greenfield as its parent node_modules
57 verbose linkBins rehjeks@0.0.1
58 verbose linkMans rehjeks@0.0.1
59 silly install rehjeks@0.0.1 /Users/tenzinsonam/projects/makersquare/greenfield/RehJeks/rehjeks-77b6043c
60 info lifecycle rehjeks@0.0.1~install: rehjeks@0.0.1
61 silly lifecycle rehjeks@0.0.1~install: no script for install, continuing
62 silly postinstall rehjeks@0.0.1 /Users/tenzinsonam/projects/makersquare/greenfield/RehJeks/rehjeks-77b6043c
63 info lifecycle rehjeks@0.0.1~postinstall: rehjeks@0.0.1
64 verbose lifecycle rehjeks@0.0.1~postinstall: unsafe-perm in lifecycle true
65 verbose lifecycle rehjeks@0.0.1~postinstall: PATH: /usr/local/lib/node_modules/npm/bin/node-gyp-bin:/Users/tenzinsonam/projects/makersquare/greenfield/RehJeks/node_modules/.bin:/Users/tenzinsonam/anaconda/bin:/Users/tenzinsonam/Library/Enthought/Canopy_32bit/User/bin:/usr/local/bin:/usr/bin:/bin:/usr/sbin:/sbin
66 verbose lifecycle rehjeks@0.0.1~postinstall: CWD: /Users/tenzinsonam/projects/makersquare/greenfield/RehJeks
67 silly lifecycle rehjeks@0.0.1~postinstall: Args: [ '-c', 'bower install' ]
68 silly lifecycle rehjeks@0.0.1~postinstall: Returned: code: 1  signal: null
69 info lifecycle rehjeks@0.0.1~postinstall: Failed to exec postinstall script
70 verbose stack Error: rehjeks@0.0.1 postinstall: `bower install`
70 verbose stack Exit status 1
70 verbose stack     at EventEmitter.<anonymous> (/usr/local/lib/node_modules/npm/lib/utils/lifecycle.js:255:16)
70 verbose stack     at emitTwo (events.js:106:13)
70 verbose stack     at EventEmitter.emit (events.js:191:7)
70 verbose stack     at ChildProcess.<anonymous> (/usr/local/lib/node_modules/npm/lib/utils/spawn.js:40:14)
70 verbose stack     at emitTwo (events.js:106:13)
70 verbose stack     at ChildProcess.emit (events.js:191:7)
70 verbose stack     at maybeClose (internal/child_process.js:877:16)
70 verbose stack     at Process.ChildProcess._handle.onexit (internal/child_process.js:226:5)
71 verbose pkgid rehjeks@0.0.1
72 verbose cwd /Users/tenzinsonam/projects/makersquare/greenfield/RehJeks
73 error Darwin 16.1.0
74 error argv "/usr/local/bin/node" "/usr/local/bin/npm" "install"
75 error node v6.9.1
76 error npm  v3.10.8
77 error code ELIFECYCLE
78 error rehjeks@0.0.1 postinstall: `bower install`
78 error Exit status 1
79 error Failed at the rehjeks@0.0.1 postinstall script 'bower install'.
79 error Make sure you have the latest version of node.js and npm installed.
79 error If you do, this is most likely a problem with the rehjeks package,
79 error not with npm itself.
79 error Tell the author that this fails on your system:
79 error     bower install
79 error You can get information on how to open an issue for this project with:
79 error     npm bugs rehjeks
79 error Or if that isn't available, you can get their info via:
79 error     npm owner ls rehjeks
79 error There is likely additional logging output above.
80 verbose exit [ 1, true ]
